This is pdfTeX, Version 3.14159265-2.6-1.40.18 (TeX Live 2017/Debian) (preloaded format=pdflatex 2018.6.29)  12 JUL 2018 10:39
entering extended mode
 restricted \write18 enabled.
 %&-line parsing enabled.
**ES_FlexiSMART_Amazon_Guide.tex
(./ES_FlexiSMART_Amazon_Guide.tex
LaTeX2e <2017-04-15>
Babel <3.18> and hyphenation patterns for 84 language(s) loaded.
(/usr/share/texlive/texmf-dist/tex/latex/base/article.cls
Document Class: article 2014/09/29 v1.4h Standard LaTeX document class
(/usr/share/texlive/texmf-dist/tex/latex/base/size11.clo
File: size11.clo 2014/09/29 v1.4h Standard LaTeX file (size option)
)
\c@part=\count79
\c@section=\count80
\c@subsection=\count81
\c@subsubsection=\count82
\c@paragraph=\count83
\c@subparagraph=\count84
\c@figure=\count85
\c@table=\count86
\abovecaptionskip=\skip41
\belowcaptionskip=\skip42
\bibindent=\dimen102
)
(/usr/share/texlive/texmf-dist/tex/latex/base/inputenc.sty
Package: inputenc 2015/03/17 v1.2c Input encoding file
\inpenc@prehook=\toks14
\inpenc@posthook=\toks15

(/usr/share/texlive/texmf-dist/tex/latex/base/utf8.def
File: utf8.def 2017/01/28 v1.1t UTF-8 support for inputenc
Now handling font encoding OML ...
... no UTF-8 mapping file for font encoding OML
Now handling font encoding T1 ...
... processing UTF-8 mapping file for font encoding T1

(/usr/share/texlive/texmf-dist/tex/latex/base/t1enc.dfu
File: t1enc.dfu 2017/01/28 v1.1t UTF-8 support for inputenc
   defining Unicode char U+00A0 (decimal 160)
   defining Unicode char U+00A1 (decimal 161)
   defining Unicode char U+00A3 (decimal 163)
   defining Unicode char U+00AB (decimal 171)
   defining Unicode char U+00AD (decimal 173)
   defining Unicode char U+00BB (decimal 187)
   defining Unicode char U+00BF (decimal 191)
   defining Unicode char U+00C0 (decimal 192)
   defining Unicode char U+00C1 (decimal 193)
   defining Unicode char U+00C2 (decimal 194)
   defining Unicode char U+00C3 (decimal 195)
   defining Unicode char U+00C4 (decimal 196)
   defining Unicode char U+00C5 (decimal 197)
   defining Unicode char U+00C6 (decimal 198)
   defining Unicode char U+00C7 (decimal 199)
   defining Unicode char U+00C8 (decimal 200)
   defining Unicode char U+00C9 (decimal 201)
   defining Unicode char U+00CA (decimal 202)
   defining Unicode char U+00CB (decimal 203)
   defining Unicode char U+00CC (decimal 204)
   defining Unicode char U+00CD (decimal 205)
   defining Unicode char U+00CE (decimal 206)
   defining Unicode char U+00CF (decimal 207)
   defining Unicode char U+00D0 (decimal 208)
   defining Unicode char U+00D1 (decimal 209)
   defining Unicode char U+00D2 (decimal 210)
   defining Unicode char U+00D3 (decimal 211)
   defining Unicode char U+00D4 (decimal 212)
   defining Unicode char U+00D5 (decimal 213)
   defining Unicode char U+00D6 (decimal 214)
   defining Unicode char U+00D8 (decimal 216)
   defining Unicode char U+00D9 (decimal 217)
   defining Unicode char U+00DA (decimal 218)
   defining Unicode char U+00DB (decimal 219)
   defining Unicode char U+00DC (decimal 220)
   defining Unicode char U+00DD (decimal 221)
   defining Unicode char U+00DE (decimal 222)
   defining Unicode char U+00DF (decimal 223)
   defining Unicode char U+00E0 (decimal 224)
   defining Unicode char U+00E1 (decimal 225)
   defining Unicode char U+00E2 (decimal 226)
   defining Unicode char U+00E3 (decimal 227)
   defining Unicode char U+00E4 (decimal 228)
   defining Unicode char U+00E5 (decimal 229)
   defining Unicode char U+00E6 (decimal 230)
   defining Unicode char U+00E7 (decimal 231)
   defining Unicode char U+00E8 (decimal 232)
   defining Unicode char U+00E9 (decimal 233)
   defining Unicode char U+00EA (decimal 234)
   defining Unicode char U+00EB (decimal 235)
   defining Unicode char U+00EC (decimal 236)
   defining Unicode char U+00ED (decimal 237)
   defining Unicode char U+00EE (decimal 238)
   defining Unicode char U+00EF (decimal 239)
   defining Unicode char U+00F0 (decimal 240)
   defining Unicode char U+00F1 (decimal 241)
   defining Unicode char U+00F2 (decimal 242)
   defining Unicode char U+00F3 (decimal 243)
   defining Unicode char U+00F4 (decimal 244)
   defining Unicode char U+00F5 (decimal 245)
   defining Unicode char U+00F6 (decimal 246)
   defining Unicode char U+00F8 (decimal 248)
   defining Unicode char U+00F9 (decimal 249)
   defining Unicode char U+00FA (decimal 250)
   defining Unicode char U+00FB (decimal 251)
   defining Unicode char U+00FC (decimal 252)
   defining Unicode char U+00FD (decimal 253)
   defining Unicode char U+00FE (decimal 254)
   defining Unicode char U+00FF (decimal 255)
   defining Unicode char U+0100 (decimal 256)
   defining Unicode char U+0101 (decimal 257)
   defining Unicode char U+0102 (decimal 258)
   defining Unicode char U+0103 (decimal 259)
   defining Unicode char U+0104 (decimal 260)
   defining Unicode char U+0105 (decimal 261)
   defining Unicode char U+0106 (decimal 262)
   defining Unicode char U+0107 (decimal 263)
   defining Unicode char U+0108 (decimal 264)
   defining Unicode char U+0109 (decimal 265)
   defining Unicode char U+010A (decimal 266)
   defining Unicode char U+010B (decimal 267)
   defining Unicode char U+010C (decimal 268)
   defining Unicode char U+010D (decimal 269)
   defining Unicode char U+010E (decimal 270)
   defining Unicode char U+010F (decimal 271)
   defining Unicode char U+0110 (decimal 272)
   defining Unicode char U+0111 (decimal 273)
   defining Unicode char U+0112 (decimal 274)
   defining Unicode char U+0113 (decimal 275)
   defining Unicode char U+0114 (decimal 276)
   defining Unicode char U+0115 (decimal 277)
   defining Unicode char U+0116 (decimal 278)
   defining Unicode char U+0117 (decimal 279)
   defining Unicode char U+0118 (decimal 280)
   defining Unicode char U+0119 (decimal 281)
   defining Unicode char U+011A (decimal 282)
   defining Unicode char U+011B (decimal 283)
   defining Unicode char U+011C (decimal 284)
   defining Unicode char U+011D (decimal 285)
   defining Unicode char U+011E (decimal 286)
   defining Unicode char U+011F (decimal 287)
   defining Unicode char U+0120 (decimal 288)
   defining Unicode char U+0121 (decimal 289)
   defining Unicode char U+0122 (decimal 290)
   defining Unicode char U+0123 (decimal 291)
   defining Unicode char U+0124 (decimal 292)
   defining Unicode char U+0125 (decimal 293)
   defining Unicode char U+0128 (decimal 296)
   defining Unicode char U+0129 (decimal 297)
   defining Unicode char U+012A (decimal 298)
   defining Unicode char U+012B (decimal 299)
   defining Unicode char U+012C (decimal 300)
   defining Unicode char U+012D (decimal 301)
   defining Unicode char U+012E (decimal 302)
   defining Unicode char U+012F (decimal 303)
   defining Unicode char U+0130 (decimal 304)
   defining Unicode char U+0131 (decimal 305)
   defining Unicode char U+0132 (decimal 306)
   defining Unicode char U+0133 (decimal 307)
   defining Unicode char U+0134 (decimal 308)
   defining Unicode char U+0135 (decimal 309)
   defining Unicode char U+0136 (decimal 310)
   defining Unicode char U+0137 (decimal 311)
   defining Unicode char U+0139 (decimal 313)
   defining Unicode char U+013A (decimal 314)
   defining Unicode char U+013B (decimal 315)
   defining Unicode char U+013C (decimal 316)
   defining Unicode char U+013D (decimal 317)
   defining Unicode char U+013E (decimal 318)
   defining Unicode char U+0141 (decimal 321)
   defining Unicode char U+0142 (decimal 322)
   defining Unicode char U+0143 (decimal 323)
   defining Unicode char U+0144 (decimal 324)
   defining Unicode char U+0145 (decimal 325)
   defining Unicode char U+0146 (decimal 326)
   defining Unicode char U+0147 (decimal 327)
   defining Unicode char U+0148 (decimal 328)
   defining Unicode char U+014A (decimal 330)
   defining Unicode char U+014B (decimal 331)
   defining Unicode char U+014C (decimal 332)
   defining Unicode char U+014D (decimal 333)
   defining Unicode char U+014E (decimal 334)
   defining Unicode char U+014F (decimal 335)
   defining Unicode char U+0150 (decimal 336)
   defining Unicode char U+0151 (decimal 337)
   defining Unicode char U+0152 (decimal 338)
   defining Unicode char U+0153 (decimal 339)
   defining Unicode char U+0154 (decimal 340)
   defining Unicode char U+0155 (decimal 341)
   defining Unicode char U+0156 (decimal 342)
   defining Unicode char U+0157 (decimal 343)
   defining Unicode char U+0158 (decimal 344)
   defining Unicode char U+0159 (decimal 345)
   defining Unicode char U+015A (decimal 346)
   defining Unicode char U+015B (decimal 347)
   defining Unicode char U+015C (decimal 348)
   defining Unicode char U+015D (decimal 349)
   defining Unicode char U+015E (decimal 350)
   defining Unicode char U+015F (decimal 351)
   defining Unicode char U+0160 (decimal 352)
   defining Unicode char U+0161 (decimal 353)
   defining Unicode char U+0162 (decimal 354)
   defining Unicode char U+0163 (decimal 355)
   defining Unicode char U+0164 (decimal 356)
   defining Unicode char U+0165 (decimal 357)
   defining Unicode char U+0168 (decimal 360)
   defining Unicode char U+0169 (decimal 361)
   defining Unicode char U+016A (decimal 362)
   defining Unicode char U+016B (decimal 363)
   defining Unicode char U+016C (decimal 364)
   defining Unicode char U+016D (decimal 365)
   defining Unicode char U+016E (decimal 366)
   defining Unicode char U+016F (decimal 367)
   defining Unicode char U+0170 (decimal 368)
   defining Unicode char U+0171 (decimal 369)
   defining Unicode char U+0172 (decimal 370)
   defining Unicode char U+0173 (decimal 371)
   defining Unicode char U+0174 (decimal 372)
   defining Unicode char U+0175 (decimal 373)
   defining Unicode char U+0176 (decimal 374)
   defining Unicode char U+0177 (decimal 375)
   defining Unicode char U+0178 (decimal 376)
   defining Unicode char U+0179 (decimal 377)
   defining Unicode char U+017A (decimal 378)
   defining Unicode char U+017B (decimal 379)
   defining Unicode char U+017C (decimal 380)
   defining Unicode char U+017D (decimal 381)
   defining Unicode char U+017E (decimal 382)
   defining Unicode char U+01CD (decimal 461)
   defining Unicode char U+01CE (decimal 462)
   defining Unicode char U+01CF (decimal 463)
   defining Unicode char U+01D0 (decimal 464)
   defining Unicode char U+01D1 (decimal 465)
   defining Unicode char U+01D2 (decimal 466)
   defining Unicode char U+01D3 (decimal 467)
   defining Unicode char U+01D4 (decimal 468)
   defining Unicode char U+01E2 (decimal 482)
   defining Unicode char U+01E3 (decimal 483)
   defining Unicode char U+01E6 (decimal 486)
   defining Unicode char U+01E7 (decimal 487)
   defining Unicode char U+01E8 (decimal 488)
   defining Unicode char U+01E9 (decimal 489)
   defining Unicode char U+01EA (decimal 490)
   defining Unicode char U+01EB (decimal 491)
   defining Unicode char U+01F0 (decimal 496)
   defining Unicode char U+01F4 (decimal 500)
   defining Unicode char U+01F5 (decimal 501)
   defining Unicode char U+0218 (decimal 536)
   defining Unicode char U+0219 (decimal 537)
   defining Unicode char U+021A (decimal 538)
   defining Unicode char U+021B (decimal 539)
   defining Unicode char U+0232 (decimal 562)
   defining Unicode char U+0233 (decimal 563)
   defining Unicode char U+1E02 (decimal 7682)
   defining Unicode char U+1E03 (decimal 7683)
   defining Unicode char U+200C (decimal 8204)
   defining Unicode char U+2010 (decimal 8208)
   defining Unicode char U+2011 (decimal 8209)
   defining Unicode char U+2012 (decimal 8210)
   defining Unicode char U+2013 (decimal 8211)
   defining Unicode char U+2014 (decimal 8212)
   defining Unicode char U+2015 (decimal 8213)
   defining Unicode char U+2018 (decimal 8216)
   defining Unicode char U+2019 (decimal 8217)
   defining Unicode char U+201A (decimal 8218)
   defining Unicode char U+201C (decimal 8220)
   defining Unicode char U+201D (decimal 8221)
   defining Unicode char U+201E (decimal 8222)
   defining Unicode char U+2030 (decimal 8240)
   defining Unicode char U+2031 (decimal 8241)
   defining Unicode char U+2039 (decimal 8249)
   defining Unicode char U+203A (decimal 8250)
   defining Unicode char U+2423 (decimal 9251)
   defining Unicode char U+1E20 (decimal 7712)
   defining Unicode char U+1E21 (decimal 7713)
)
Now handling font encoding OT1 ...
... processing UTF-8 mapping file for font encoding OT1

(/usr/share/texlive/texmf-dist/tex/latex/base/ot1enc.dfu
File: ot1enc.dfu 2017/01/28 v1.1t UTF-8 support for inputenc
   defining Unicode char U+00A0 (decimal 160)
   defining Unicode char U+00A1 (decimal 161)
   defining Unicode char U+00A3 (decimal 163)
   defining Unicode char U+00AD (decimal 173)
   defining Unicode char U+00B8 (decimal 184)
   defining Unicode char U+00BF (decimal 191)
   defining Unicode char U+00C5 (decimal 197)
   defining Unicode char U+00C6 (decimal 198)
   defining Unicode char U+00D8 (decimal 216)
   defining Unicode char U+00DF (decimal 223)
   defining Unicode char U+00E6 (decimal 230)
   defining Unicode char U+00EC (decimal 236)
   defining Unicode char U+00ED (decimal 237)
   defining Unicode char U+00EE (decimal 238)
   defining Unicode char U+00EF (decimal 239)
   defining Unicode char U+00F8 (decimal 248)
   defining Unicode char U+0131 (decimal 305)
   defining Unicode char U+0141 (decimal 321)
   defining Unicode char U+0142 (decimal 322)
   defining Unicode char U+0152 (decimal 338)
   defining Unicode char U+0153 (decimal 339)
   defining Unicode char U+0174 (decimal 372)
   defining Unicode char U+0175 (decimal 373)
   defining Unicode char U+0176 (decimal 374)
   defining Unicode char U+0177 (decimal 375)
   defining Unicode char U+0218 (decimal 536)
   defining Unicode char U+0219 (decimal 537)
   defining Unicode char U+021A (decimal 538)
   defining Unicode char U+021B (decimal 539)
   defining Unicode char U+2013 (decimal 8211)
   defining Unicode char U+2014 (decimal 8212)
   defining Unicode char U+2018 (decimal 8216)
   defining Unicode char U+2019 (decimal 8217)
   defining Unicode char U+201C (decimal 8220)
   defining Unicode char U+201D (decimal 8221)
)
Now handling font encoding OMS ...
... processing UTF-8 mapping file for font encoding OMS

(/usr/share/texlive/texmf-dist/tex/latex/base/omsenc.dfu
File: omsenc.dfu 2017/01/28 v1.1t UTF-8 support for inputenc
   defining Unicode char U+00A7 (decimal 167)
   defining Unicode char U+00B6 (decimal 182)
   defining Unicode char U+00B7 (decimal 183)
   defining Unicode char U+2020 (decimal 8224)
   defining Unicode char U+2021 (decimal 8225)
   defining Unicode char U+2022 (decimal 8226)
)
Now handling font encoding OMX ...
... no UTF-8 mapping file for font encoding OMX
Now handling font encoding U ...
... no UTF-8 mapping file for font encoding U
   defining Unicode char U+00A9 (decimal 169)
   defining Unicode char U+00AA (decimal 170)
   defining Unicode char U+00AE (decimal 174)
   defining Unicode char U+00BA (decimal 186)
   defining Unicode char U+02C6 (decimal 710)
   defining Unicode char U+02DC (decimal 732)
   defining Unicode char U+200C (decimal 8204)
   defining Unicode char U+2026 (decimal 8230)
   defining Unicode char U+2122 (decimal 8482)
   defining Unicode char U+2423 (decimal 9251)
))
(/usr/share/texlive/texmf-dist/tex/latex/amsmath/amsmath.sty
Package: amsmath 2017/09/02 v2.17a AMS math features
\@mathmargin=\skip43

For additional information on amsmath, use the `?' option.
(/usr/share/texlive/texmf-dist/tex/latex/amsmath/amstext.sty
Package: amstext 2000/06/29 v2.01 AMS text

(/usr/share/texlive/texmf-dist/tex/latex/amsmath/amsgen.sty
File: amsgen.sty 1999/11/30 v2.0 generic functions
\@emptytoks=\toks16
\ex@=\dimen103
))
(/usr/share/texlive/texmf-dist/tex/latex/amsmath/amsbsy.sty
Package: amsbsy 1999/11/29 v1.2d Bold Symbols
\pmbraise@=\dimen104
)
(/usr/share/texlive/texmf-dist/tex/latex/amsmath/amsopn.sty
Package: amsopn 2016/03/08 v2.02 operator names
)
\inf@bad=\count87
LaTeX Info: Redefining \frac on input line 213.
\uproot@=\count88
\leftroot@=\count89
LaTeX Info: Redefining \overline on input line 375.
\classnum@=\count90
\DOTSCASE@=\count91
LaTeX Info: Redefining \ldots on input line 472.
LaTeX Info: Redefining \dots on input line 475.
LaTeX Info: Redefining \cdots on input line 596.
\Mathstrutbox@=\box26
\strutbox@=\box27
\big@size=\dimen105
LaTeX Font Info:    Redeclaring font encoding OML on input line 712.
LaTeX Font Info:    Redeclaring font encoding OMS on input line 713.
\macc@depth=\count92
\c@MaxMatrixCols=\count93
\dotsspace@=\muskip10
\c@parentequation=\count94
\dspbrk@lvl=\count95
\tag@help=\toks17
\row@=\count96
\column@=\count97
\maxfields@=\count98
\andhelp@=\toks18
\eqnshift@=\dimen106
\alignsep@=\dimen107
\tagshift@=\dimen108
\tagwidth@=\dimen109
\totwidth@=\dimen110
\lineht@=\dimen111
\@envbody=\toks19
\multlinegap=\skip44
\multlinetaggap=\skip45
\mathdisplay@stack=\toks20
LaTeX Info: Redefining \[ on input line 2817.
LaTeX Info: Redefining \] on input line 2818.
)
(/usr/share/texlive/texmf-dist/tex/latex/amsfonts/amsfonts.sty
Package: amsfonts 2013/01/14 v3.01 Basic AMSFonts support
\symAMSa=\mathgroup4
\symAMSb=\mathgroup5
LaTeX Font Info:    Overwriting math alphabet `\mathfrak' in version `bold'
(Font)                  U/euf/m/n --> U/euf/b/n on input line 106.
)
(/usr/share/texlive/texmf-dist/tex/latex/graphics/graphicx.sty
Package: graphicx 2017/06/01 v1.1a Enhanced LaTeX Graphics (DPC,SPQR)

(/usr/share/texlive/texmf-dist/tex/latex/graphics/keyval.sty
Package: keyval 2014/10/28 v1.15 key=value parser (DPC)
\KV@toks@=\toks21
)
(/usr/share/texlive/texmf-dist/tex/latex/graphics/graphics.sty
Package: graphics 2017/06/25 v1.2c Standard LaTeX Graphics (DPC,SPQR)

(/usr/share/texlive/texmf-dist/tex/latex/graphics/trig.sty
Package: trig 2016/01/03 v1.10 sin cos tan (DPC)
)
(/usr/share/texlive/texmf-dist/tex/latex/graphics-cfg/graphics.cfg
File: graphics.cfg 2016/06/04 v1.11 sample graphics configuration
)
Package graphics Info: Driver file: pdftex.def on input line 99.

(/usr/share/texlive/texmf-dist/tex/latex/graphics-def/pdftex.def
File: pdftex.def 2018/01/08 v1.0l Graphics/color driver for pdftex
))
\Gin@req@height=\dimen112
\Gin@req@width=\dimen113
)
(/usr/share/texlive/texmf-dist/tex/latex/xcolor/xcolor.sty
Package: xcolor 2016/05/11 v2.12 LaTeX color extensions (UK)

(/usr/share/texlive/texmf-dist/tex/latex/graphics-cfg/color.cfg
File: color.cfg 2016/01/02 v1.6 sample color configuration
)
Package xcolor Info: Driver file: pdftex.def on input line 225.

(/usr/share/texlive/texmf-dist/tex/latex/colortbl/colortbl.sty
Package: colortbl 2012/02/13 v1.0a Color table columns (DPC)

(/usr/share/texlive/texmf-dist/tex/latex/tools/array.sty
Package: array 2016/10/06 v2.4d Tabular extension package (FMi)
\col@sep=\dimen114
\extrarowheight=\dimen115
\NC@list=\toks22
\extratabsurround=\skip46
\backup@length=\skip47
)
\everycr=\toks23
\minrowclearance=\skip48
)
\rownum=\count99
Package xcolor Info: Model `cmy' substituted by `cmy0' on input line 1348.
Package xcolor Info: Model `hsb' substituted by `rgb' on input line 1352.
Package xcolor Info: Model `RGB' extended on input line 1364.
Package xcolor Info: Model `HTML' substituted by `rgb' on input line 1366.
Package xcolor Info: Model `Hsb' substituted by `hsb' on input line 1367.
Package xcolor Info: Model `tHsb' substituted by `hsb' on input line 1368.
Package xcolor Info: Model `HSB' substituted by `hsb' on input line 1369.
Package xcolor Info: Model `Gray' substituted by `gray' on input line 1370.
Package xcolor Info: Model `wave' substituted by `hsb' on input line 1371.
)
(/usr/share/texlive/texmf-dist/tex/latex/caption/caption.sty
Package: caption 2016/02/21 v3.3-144 Customizing captions (AR)

(/usr/share/texlive/texmf-dist/tex/latex/caption/caption3.sty
Package: caption3 2016/05/22 v1.7-166 caption3 kernel (AR)
Package caption3 Info: TeX engine: e-TeX on input line 67.
\captionmargin=\dimen116
\captionmargin@=\dimen117
\captionwidth=\dimen118
\caption@tempdima=\dimen119
\caption@indent=\dimen120
\caption@parindent=\dimen121
\caption@hangindent=\dimen122
)
\c@ContinuedFloat=\count100
)
(/usr/share/texlive/texmf-dist/tex/latex/caption/subcaption.sty
Package: subcaption 2016/05/22 v1.1-161 Sub-captions (AR)
\c@subfigure=\count101
\c@subtable=\count102
)
(/usr/share/texlive/texmf-dist/tex/latex/float/float.sty
Package: float 2001/11/08 v1.3d Float enhancements (AL)
\c@float@type=\count103
\float@exts=\toks24
\float@box=\box28
\@float@everytoks=\toks25
\@floatcapt=\box29
)
(/usr/share/texlive/texmf-dist/tex/latex/wallpaper/wallpaper.sty
Package: wallpaper 2005/01/18, v1.01 easy wallpaper formatting (MHFW)

(/usr/share/texlive/texmf-dist/tex/latex/base/ifthen.sty
Package: ifthen 2014/09/29 v1.1c Standard LaTeX ifthen package (DPC)
)
(/usr/share/texlive/texmf-dist/tex/latex/tools/calc.sty
Package: calc 2014/10/28 v4.3 Infix arithmetic (KKT,FJ)
\calc@Acount=\count104
\calc@Bcount=\count105
\calc@Adimen=\dimen123
\calc@Bdimen=\dimen124
\calc@Askip=\skip49
\calc@Bskip=\skip50
LaTeX Info: Redefining \setlength on input line 80.
LaTeX Info: Redefining \addtolength on input line 81.
\calc@Ccount=\count106
\calc@Cskip=\skip51
)
(/usr/share/texlive/texmf-dist/tex/latex/eso-pic/eso-pic.sty
Package: eso-pic 2015/07/21 v2.0g eso-pic (RN)

(/usr/share/texlive/texmf-dist/tex/generic/oberdiek/atbegshi.sty
Package: atbegshi 2016/06/09 v1.18 At begin shipout hook (HO)

(/usr/share/texlive/texmf-dist/tex/generic/oberdiek/infwarerr.sty
Package: infwarerr 2016/05/16 v1.4 Providing info/warning/error messages (HO)
)
(/usr/share/texlive/texmf-dist/tex/generic/oberdiek/ltxcmds.sty
Package: ltxcmds 2016/05/16 v1.23 LaTeX kernel commands for general use (HO)
)
(/usr/share/texlive/texmf-dist/tex/generic/oberdiek/ifpdf.sty
Package: ifpdf 2017/03/15 v3.2 Provides the ifpdf switch
)))
\wpXoffset=\skip52
\wpYoffset=\skip53
\tileXoffset=\skip54
\tileYoffset=\skip55
\tilewidth=\skip56
\tileheight=\skip57
\tileX=\skip58
\tileY=\skip59
)
(/usr/share/texlive/texmf-dist/tex/latex/hyperref/hyperref.sty
Package: hyperref 2018/02/06 v6.86b Hypertext links for LaTeX

(/usr/share/texlive/texmf-dist/tex/generic/oberdiek/hobsub-hyperref.sty
Package: hobsub-hyperref 2016/05/16 v1.14 Bundle oberdiek, subset hyperref (HO)


(/usr/share/texlive/texmf-dist/tex/generic/oberdiek/hobsub-generic.sty
Package: hobsub-generic 2016/05/16 v1.14 Bundle oberdiek, subset generic (HO)
Package: hobsub 2016/05/16 v1.14 Construct package bundles (HO)
Package hobsub Info: Skipping package `infwarerr' (already loaded).
Package hobsub Info: Skipping package `ltxcmds' (already loaded).
Package: ifluatex 2016/05/16 v1.4 Provides the ifluatex switch (HO)
Package ifluatex Info: LuaTeX not detected.
Package: ifvtex 2016/05/16 v1.6 Detect VTeX and its facilities (HO)
Package ifvtex Info: VTeX not detected.
Package: intcalc 2016/05/16 v1.2 Expandable calculations with integers (HO)
Package hobsub Info: Skipping package `ifpdf' (already loaded).
Package: etexcmds 2016/05/16 v1.6 Avoid name clashes with e-TeX commands (HO)
Package etexcmds Info: Could not find \expanded.
(etexcmds)             That can mean that you are not using pdfTeX 1.50 or
(etexcmds)             that some package has redefined \expanded.
(etexcmds)             In the latter case, load this package earlier.
Package: kvsetkeys 2016/05/16 v1.17 Key value parser (HO)
Package: kvdefinekeys 2016/05/16 v1.4 Define keys (HO)
Package: pdftexcmds 2018/01/21 v0.26 Utility functions of pdfTeX for LuaTeX (HO
)
Package pdftexcmds Info: LuaTeX not detected.
Package pdftexcmds Info: \pdf@primitive is available.
Package pdftexcmds Info: \pdf@ifprimitive is available.
Package pdftexcmds Info: \pdfdraftmode found.
Package: pdfescape 2016/05/16 v1.14 Implements pdfTeX's escape features (HO)
Package: bigintcalc 2016/05/16 v1.4 Expandable calculations on big integers (HO
)
Package: bitset 2016/05/16 v1.2 Handle bit-vector datatype (HO)
Package: uniquecounter 2016/05/16 v1.3 Provide unlimited unique counter (HO)
)
Package hobsub Info: Skipping package `hobsub' (already loaded).
Package: letltxmacro 2016/05/16 v1.5 Let assignment for LaTeX macros (HO)
Package: hopatch 2016/05/16 v1.3 Wrapper for package hooks (HO)
Package: xcolor-patch 2016/05/16 xcolor patch
Package: atveryend 2016/05/16 v1.9 Hooks at the very end of document (HO)
Package atveryend Info: \enddocument detected (standard20110627).
Package hobsub Info: Skipping package `atbegshi' (already loaded).
Package: refcount 2016/05/16 v3.5 Data extraction from label references (HO)
Package: hycolor 2016/05/16 v1.8 Color options for hyperref/bookmark (HO)
)
(/usr/share/texlive/texmf-dist/tex/generic/ifxetex/ifxetex.sty
Package: ifxetex 2010/09/12 v0.6 Provides ifxetex conditional
)
(/usr/share/texlive/texmf-dist/tex/latex/oberdiek/auxhook.sty
Package: auxhook 2016/05/16 v1.4 Hooks for auxiliary files (HO)
)
(/usr/share/texlive/texmf-dist/tex/latex/oberdiek/kvoptions.sty
Package: kvoptions 2016/05/16 v3.12 Key value format for package options (HO)
)
\@linkdim=\dimen125
\Hy@linkcounter=\count107
\Hy@pagecounter=\count108

(/usr/share/texlive/texmf-dist/tex/latex/hyperref/pd1enc.def
File: pd1enc.def 2018/02/06 v6.86b Hyperref: PDFDocEncoding definition (HO)
Now handling font encoding PD1 ...
... no UTF-8 mapping file for font encoding PD1
)
\Hy@SavedSpaceFactor=\count109

(/usr/share/texlive/texmf-dist/tex/latex/latexconfig/hyperref.cfg
File: hyperref.cfg 2002/06/06 v1.2 hyperref configuration of TeXLive
)
Package hyperref Info: Hyper figures OFF on input line 4509.
Package hyperref Info: Link nesting OFF on input line 4514.
Package hyperref Info: Hyper index ON on input line 4517.
Package hyperref Info: Plain pages OFF on input line 4524.
Package hyperref Info: Backreferencing OFF on input line 4529.
Package hyperref Info: Implicit mode ON; LaTeX internals redefined.
Package hyperref Info: Bookmarks ON on input line 4762.
\c@Hy@tempcnt=\count110

(/usr/share/texlive/texmf-dist/tex/latex/url/url.sty
\Urlmuskip=\muskip11
Package: url 2013/09/16  ver 3.4  Verb mode for urls, etc.
)
LaTeX Info: Redefining \url on input line 5115.
\XeTeXLinkMargin=\dimen126
\Fld@menulength=\count111
\Field@Width=\dimen127
\Fld@charsize=\dimen128
Package hyperref Info: Hyper figures OFF on input line 6369.
Package hyperref Info: Link nesting OFF on input line 6374.
Package hyperref Info: Hyper index ON on input line 6377.
Package hyperref Info: backreferencing OFF on input line 6384.
Package hyperref Info: Link coloring OFF on input line 6389.
Package hyperref Info: Link coloring with OCG OFF on input line 6394.
Package hyperref Info: PDF/A mode OFF on input line 6399.
LaTeX Info: Redefining \ref on input line 6439.
LaTeX Info: Redefining \pageref on input line 6443.
\Hy@abspage=\count112
\c@Item=\count113
\c@Hfootnote=\count114
)
Package hyperref Info: Driver (autodetected): hpdftex.

(/usr/share/texlive/texmf-dist/tex/latex/hyperref/hpdftex.def
File: hpdftex.def 2018/02/06 v6.86b Hyperref driver for pdfTeX
\Fld@listcount=\count115
\c@bookmark@seq@number=\count116

(/usr/share/texlive/texmf-dist/tex/latex/oberdiek/rerunfilecheck.sty
Package: rerunfilecheck 2016/05/16 v1.8 Rerun checks for auxiliary files (HO)
Package uniquecounter Info: New unique counter `rerunfilecheck' on input line 2
82.
)
\Hy@SectionHShift=\skip60
)
(/usr/share/texlive/texmf-dist/tex/latex/adjustbox/adjustbox.sty
Package: adjustbox 2012/05/21 v1.0 Adjusting TeX boxes (trim, clip, ...)

(/usr/share/texlive/texmf-dist/tex/latex/xkeyval/xkeyval.sty
Package: xkeyval 2014/12/03 v2.7a package option processing (HA)

(/usr/share/texlive/texmf-dist/tex/generic/xkeyval/xkeyval.tex
(/usr/share/texlive/texmf-dist/tex/generic/xkeyval/xkvutils.tex
\XKV@toks=\toks26
\XKV@tempa@toks=\toks27
)
\XKV@depth=\count117
File: xkeyval.tex 2014/12/03 v2.7a key=value parser (HA)
))
(/usr/share/texlive/texmf-dist/tex/latex/adjustbox/adjcalc.sty
Package: adjcalc 2012/05/16 v1.1 Provides advanced setlength with multiple back
-ends (calc, etex, pgfmath)
)
(/usr/share/texlive/texmf-dist/tex/latex/adjustbox/trimclip.sty
Package: trimclip 2012/05/16 v1.0 Trim and clip general TeX material

(/usr/share/texlive/texmf-dist/tex/latex/collectbox/collectbox.sty
Package: collectbox 2012/05/17 v0.4b Collect macro arguments as boxes
\collectedbox=\box30
)
\tc@llx=\dimen129
\tc@lly=\dimen130
\tc@urx=\dimen131
\tc@ury=\dimen132
Package trimclip Info: Using driver 'tc-pdftex.def'.

(/usr/share/texlive/texmf-dist/tex/latex/adjustbox/tc-pdftex.def
File: tc-pdftex.def 2012/05/13 v1.0 Clipping driver for pdftex
))
\adjbox@Width=\dimen133
\adjbox@Height=\dimen134
\adjbox@Depth=\dimen135
\adjbox@Totalheight=\dimen136

(/usr/share/texlive/texmf-dist/tex/latex/ifoddpage/ifoddpage.sty
Package: ifoddpage 2016/04/23 v1.1 Conditionals for odd/even page detection
\c@checkoddpage=\count118
)
(/usr/share/texlive/texmf-dist/tex/latex/varwidth/varwidth.sty
Package: varwidth 2009/03/30 ver 0.92;  Variable-width minipages
\@vwid@box=\box31
\sift@deathcycles=\count119
\@vwid@loff=\dimen137
\@vwid@roff=\dimen138
))
(/usr/share/texlive/texmf-dist/tex/latex/eurosym/eurosym.sty
Package: eurosym 1998/08/06 v1.1 European currency symbol ``Euro''
\@eurobox=\box32
)
(/usr/share/texlive/texmf-dist/tex/latex/oberdiek/transparent.sty
Package: transparent 2016/05/16 v1.1 Transparency via pdfTeX's color stack (HO)

)
(/usr/share/texlive/texmf-dist/tex/latex/sectsty/sectsty.sty
Package: sectsty 2002/02/25 v2.0.2 Commands to change all sectional heading sty
les
)
(/usr/share/texlive/texmf-dist/tex/latex/pdfpages/pdfpages.sty
Package: pdfpages 2017/10/31 v0.5l Insert pages of external PDF documents (AM)
\AM@pagewidth=\dimen139
\AM@pageheight=\dimen140

(/usr/share/texlive/texmf-dist/tex/latex/pdfpages/pppdftex.def
File: pppdftex.def 2017/10/31 v0.5l Pdfpages driver for pdfTeX (AM)
)
\AM@pagebox=\box33
\AM@global@opts=\toks28
\AM@toc@title=\toks29
\c@AM@survey=\count120
\AM@templatesizebox=\box34
)
(/usr/share/texlive/texmf-dist/tex/latex/amsfonts/amssymb.sty
Package: amssymb 2013/01/14 v3.01 AMS font symbols
)
(/usr/share/texlive/texmf-dist/tex/latex/pstricks/pstcol.sty
Package: pstcol 2007/04/11 v1.3 LaTeX wrapper for `PSTricks' (RN,HV)


Package pstcol Warning: ************************************ 
(pstcol)                The package `pstcol' is obsolet! 
(pstcol)                You should use `pstricks' directly: 
(pstcol)                    \usepackage{pstricks}
(pstcol)                ************************************.

(/usr/share/texlive/texmf-dist/tex/latex/pstricks/pstricks.sty
Package: pstricks 2018/01/06 v0.67 LaTeX wrapper for `PSTricks' (RN,HV)

(/usr/share/texlive/texmf-dist/tex/generic/iftex/iftex.sty
Package: iftex 2013/04/04 v0.2 Provides if(tex) conditional for PDFTeX, XeTeX, 
and LuaTeX
)
(/usr/share/texlive/texmf-dist/tex/latex/tools/shellesc.sty
Package: shellesc 2016/06/07 v0.02a unified shell escape interface for LaTeX
Package shellesc Info: Restricted shell escape enabled on input line 69.
)
(/usr/share/texlive/texmf-dist/tex/generic/xkeyval/pst-xkey.tex
File: pst-xkey.tex 2005/11/25 v1.6 PSTricks specialization of xkeyval (HA)
)
(/usr/share/texlive/texmf-dist/tex/generic/pstricks/pstricks.tex
(/usr/share/texlive/texmf-dist/tex/generic/pstricks/pst-fp.tex
`pst-fp' v0.05, 2010/01/17 (hv)
\pstFP@xs=\count121
\pstFP@xia=\count122
\pstFP@xib=\count123
\pstFP@xfa=\count124
\pstFP@xfb=\count125
\pstFP@rega=\count126
\pstFP@regb=\count127
\pstFP@regs=\count128
\pstFP@times=\count129
)
(/usr/share/texlive/texmf-dist/tex/generic/pgf/utilities/pgfutil-common.tex
\pgfutil@everybye=\toks30
\pgfutil@tempdima=\dimen141
\pgfutil@tempdimb=\dimen142

(/usr/share/texlive/texmf-dist/tex/generic/pgf/utilities/pgfutil-common-lists.t
ex)) (/usr/share/texlive/texmf-dist/tex/generic/pgf/utilities/pgfkeys.code.tex
\pgfkeys@pathtoks=\toks31
\pgfkeys@temptoks=\toks32

(/usr/share/texlive/texmf-dist/tex/generic/pgf/utilities/pgfkeysfiltered.code.t
ex
\pgfkeys@tmptoks=\toks33
)) (/usr/share/texlive/texmf-dist/tex/generic/pgf/utilities/pgffor.code.tex
(/usr/share/texlive/texmf-dist/tex/generic/pgf/math/pgfmath.code.tex
(/usr/share/texlive/texmf-dist/tex/generic/pgf/math/pgfmathcalc.code.tex
(/usr/share/texlive/texmf-dist/tex/generic/pgf/math/pgfmathutil.code.tex
\pgf@x=\dimen143
\pgf@xa=\dimen144
\pgf@xb=\dimen145
\pgf@xc=\dimen146
\pgf@y=\dimen147
\pgf@ya=\dimen148
\pgf@yb=\dimen149
\pgf@yc=\dimen150
\c@pgf@counta=\count130
\c@pgf@countb=\count131
\c@pgf@countc=\count132
\c@pgf@countd=\count133
\pgfutil@tempcnta=\count134
\pgfutil@tempcntb=\count135
)
(/usr/share/texlive/texmf-dist/tex/generic/pgf/math/pgfmathparser.code.tex
\pgfmath@dimen=\dimen151
\pgfmath@count=\count136
\pgfmath@box=\box35
\pgfmath@toks=\toks34
\pgfmath@stack@operand=\toks35
\pgfmath@stack@operation=\toks36
)
(/usr/share/texlive/texmf-dist/tex/generic/pgf/math/pgfmathfunctions.code.tex
(/usr/share/texlive/texmf-dist/tex/generic/pgf/math/pgfmathfunctions.basic.code
.tex)
(/usr/share/texlive/texmf-dist/tex/generic/pgf/math/pgfmathfunctions.trigonomet
ric.code.tex)
(/usr/share/texlive/texmf-dist/tex/generic/pgf/math/pgfmathfunctions.random.cod
e.tex)
(/usr/share/texlive/texmf-dist/tex/generic/pgf/math/pgfmathfunctions.comparison
.code.tex)
(/usr/share/texlive/texmf-dist/tex/generic/pgf/math/pgfmathfunctions.base.code.
tex)
(/usr/share/texlive/texmf-dist/tex/generic/pgf/math/pgfmathfunctions.round.code
.tex)
(/usr/share/texlive/texmf-dist/tex/generic/pgf/math/pgfmathfunctions.misc.code.
tex)
(/usr/share/texlive/texmf-dist/tex/generic/pgf/math/pgfmathfunctions.integerari
thmetics.code.tex)))
(/usr/share/texlive/texmf-dist/tex/generic/pgf/math/pgfmathfloat.code.tex
\c@pgfmathroundto@lastzeros=\count137
))
\pgffor@iter=\dimen152
\pgffor@skip=\dimen153
\pgffor@stack=\toks37
\pgffor@toks=\toks38
)
\psLoopIndex=\count138

`PSTricks' v2.82  <2018/01/06> (tvz,hv)
\pst@dima=\dimen154
\pst@dimb=\dimen155
\pst@dimc=\dimen156
\pst@dimd=\dimen157
\pst@dimg=\dimen158
\pst@dimh=\dimen159
\pst@dimm=\dimen160
\pst@dimn=\dimen161
\pst@dimo=\dimen162
\pst@dimp=\dimen163
\pst@hbox=\box36
\pst@ibox=\box37
\pst@boxg=\box38
\pst@cnta=\count139
\pst@cntb=\count140
\pst@cntc=\count141
\pst@cntd=\count142
\pst@cntg=\count143
\pst@cnth=\count144
\pst@cntm=\count145
\pst@cntn=\count146
\pst@cnto=\count147
\pst@cntp=\count148
\@zero=\count149
\pst@toks=\toks39
(/usr/share/texlive/texmf-dist/tex/generic/pstricks/pstricks.con)
\psunit=\dimen164
\psxunit=\dimen165
\psyunit=\dimen166
\pst@C@@rType=\count150
\pslinewidth=\dimen167
\psk@startLW=\dimen168
\psk@endLW=\dimen169
\pst@customdefs=\toks40
\pslinearc=\dimen170
\pst@symbolStep=\dimen171
\pst@symbolWidth=\dimen172
\pst@symbolLinewidth=\dimen173
\everypsbox=\toks41
\psframesep=\dimen174
\pslabelsep=\dimen175
\sh@wgridXunit=\dimen176
\sh@wgridYunit=\dimen177
\pst@shift=\dimen178
)
File: pstricks.tex 2018/01/06 v2.82 `PSTricks' (tvz,hv)

(/usr/share/texlive/texmf-dist/tex/generic/pstricks/pst-fp.tex)
File: pst-fp.tex 2018/01/06 v2.82 `PST-fp' (hv)
))
(/usr/share/texlive/texmf-dist/tex/latex/pst-node/pst-node.sty
Package: pst-node 2012/09/18 v1.01 LaTeX wrapper for `pst-node' (HV)
Package: pst-node 2010/04/22 package wrapper for pst-node.tex

(/usr/share/texlive/texmf-dist/tex/generic/pst-node/pst-node.tex
 v1.41, 2017/12/30
\psrow=\count151
\pscol=\count152
\psmatrixcnt=\count153
\psrowsep=\skip61
\pscolsep=\skip62
\pst@args=\count154
\num@pts=\count155
\pst@argcnt=\count156
)
File: pst-node.tex 2017/12/30 1.41 `pst-node' (tvz,hv)
)
(/usr/share/texlive/texmf-dist/tex/latex/pst-plot/pst-plot.sty
Package: pst-plot 2011/06/05 v1.00 LaTeX wrapper for `pst-plot' (HV)

(/usr/share/texlive/texmf-dist/tex/latex/xkeyval/pst-xkey.sty
Package: pst-xkey 2005/11/25 v1.6 package wrapper for pst-xkey.tex (HA)
)
(/usr/share/texlive/texmf-dist/tex/latex/multido/multido.sty
Package: multido 2004/05/17 package wrapper for PSTricks `multido.tex', (HV/RN)


(/usr/share/texlive/texmf-dist/tex/generic/multido/multido.tex
 v1.42, 2010/05/14 <tvz>
\multido@count=\count157
\multidocount=\count158
\multido@stuff=\toks42
)
File: multido.tex 2010/05/14 v1.42 `multido' (tvz,hv)
)
Package: pst-plot 2011/04/13 package wrapper for pst-plot.tex (hv)

(/usr/share/texlive/texmf-dist/tex/generic/pst-plot/pst-plot.tex
(/usr/share/texlive/texmf-dist/tex/generic/pst-tools/pst-tools.tex
`PST-tools' v0.09b, 2017/12/03 (hv))
(/usr/share/texlive/texmf-dist/tex/generic/pstricks-add/pstricks-add.tex
(/usr/share/texlive/texmf-dist/tex/generic/pst-arrow/pst-arrow.tex
`pst-arrow' v0.01, 2016/09/01 (dr,hv)
\pshooklength=\dimen179
\pshookwidth=\dimen180
)
(/usr/share/texlive/texmf-dist/tex/generic/pst-3d/pst-3d.tex
`PST-3d' v1.11, 2010/02/14 (tvz))
(/usr/share/texlive/texmf-dist/tex/generic/pst-math/pst-math.tex
`pst-math' v0.63 , (CJ,hv)) `pstricks-add' v3.85a, 2018/02/03 (dr,hv)
\psparallelogramsep=\dimen181
\pst@cntC=\count159
\pst@stepcount=\count160
\chart@ColorIndex=\dimen182
\chart@ColorStep=\dimen183
\pst@chartHeight=\dimen184
\pst@chartStackDepth=\dimen185
\pst@chartStackWidth=\dimen186
\chart@Toggle=\count161
\psVectorCtr=\count162
)
 v1.89, 2018/02/18 (tvz,hv)
\pstRadUnit=\dimen187
\pstRadUnitInv=\dimen188
\pst@linecnt=\count163
\RCD@file=\read1
\psxlabelsep=\dimen189
\psylabelsep=\dimen190
\psk@subticksize=\dimen191
\pst@xticksizeA=\dimen192
\pst@xticksizeB=\dimen193
\pst@xticksizeC=\dimen194
\pst@yticksizeA=\dimen195
\pst@yticksizeB=\dimen196
\pst@yticksizeC=\dimen197
\@digitcounter=\count164
\psk@llx=\dimen198
\psk@lly=\dimen199
\psk@urx=\dimen256
\psk@ury=\dimen257
\pst@xunit=\dimen258
\pst@yunit=\dimen259
)
File: pst-plot.tex 2018/02/18 1.89 `pst-plot' (tvz,hv)
)
(/usr/share/texlive/texmf-dist/tex/generic/babel/babel.sty
Package: babel 2018/02/14 3.18 The Babel package

(/usr/share/texlive/texmf-dist/tex/generic/babel/switch.def
File: switch.def 2018/02/14 3.18 Babel switching mechanism
)
(/usr/share/texlive/texmf-dist/tex/generic/babel-spanish/spanish.ldf
Language: spanish.ldf 2016/03/03 v5.0p Spanish support from the babel system

(/usr/share/texlive/texmf-dist/tex/generic/babel/babel.def
File: babel.def 2018/02/14 3.18 Babel common definitions
\babel@savecnt=\count165
\U@D=\dimen260

(/usr/share/texlive/texmf-dist/tex/generic/babel/txtbabel.def)
\bbl@dirlevel=\count166
)
\es@quottoks=\toks43
\es@quotdepth=\count167
Package babel Info: Making " an active character on input line 561.
Package babel Info: Making . an active character on input line 662.
Package babel Info: Making < an active character on input line 707.
Package babel Info: Making > an active character on input line 707.
))
(/usr/share/texlive/texmf-dist/tex/latex/anysize/anysize.sty
Package: anysize 1994/08/13 setting margin sizes

document style option `anysize' loaded
Michael Salzenberg, Thomas Esser, Dirk Hillbrecht
Version 1.0, Aug 13, 1994
\@Leftmargin=\dimen261
\@Rightmargin=\dimen262
\@Topmargin=\dimen263
\@Bottommargin=\dimen264
) (./ES_FlexiSMART_Amazon_Guide.aux
LaTeX Info: Redefining \. on input line 26.
LaTeX Info: Redefining \% on input line 26.
)
\openout1 = `ES_FlexiSMART_Amazon_Guide.aux'.

LaTeX Font Info:    Checking defaults for OML/cmm/m/it on input line 57.
LaTeX Font Info:    ... okay on input line 57.
LaTeX Font Info:    Checking defaults for T1/cmr/m/n on input line 57.
LaTeX Font Info:    ... okay on input line 57.
LaTeX Font Info:    Checking defaults for OT1/cmr/m/n on input line 57.
LaTeX Font Info:    ... okay on input line 57.
LaTeX Font Info:    Checking defaults for OMS/cmsy/m/n on input line 57.
LaTeX Font Info:    ... okay on input line 57.
LaTeX Font Info:    Checking defaults for OMX/cmex/m/n on input line 57.
LaTeX Font Info:    ... okay on input line 57.
LaTeX Font Info:    Checking defaults for U/cmr/m/n on input line 57.
LaTeX Font Info:    ... okay on input line 57.
LaTeX Font Info:    Checking defaults for PD1/pdf/m/n on input line 57.
LaTeX Font Info:    ... okay on input line 57.

(/usr/share/texlive/texmf-dist/tex/context/base/mkii/supp-pdf.mkii
[Loading MPS to PDF converter (version 2006.09.02).]
\scratchcounter=\count168
\scratchdimen=\dimen265
\scratchbox=\box39
\nofMPsegments=\count169
\nofMParguments=\count170
\everyMPshowfont=\toks44
\MPscratchCnt=\count171
\MPscratchDim=\dimen266
\MPnumerator=\count172
\makeMPintoPDFobject=\count173
\everyMPtoPDFconversion=\toks45
) (/usr/share/texlive/texmf-dist/tex/latex/oberdiek/epstopdf-base.sty
Package: epstopdf-base 2016/05/15 v2.6 Base part for package epstopdf

(/usr/share/texlive/texmf-dist/tex/latex/oberdiek/grfext.sty
Package: grfext 2016/05/16 v1.2 Manage graphics extensions (HO)
)
Package epstopdf-base Info: Redefining graphics rule for `.eps' on input line 4
38.
Package grfext Info: Graphics extension search list:
(grfext)             [.pdf,.png,.jpg,.mps,.jpeg,.jbig2,.jb2,.PDF,.PNG,.JPG,.JPE
G,.JBIG2,.JB2,.eps]
(grfext)             \AppendGraphicsExtensions on input line 456.

(/usr/share/texlive/texmf-dist/tex/latex/latexconfig/epstopdf-sys.cfg
File: epstopdf-sys.cfg 2010/07/13 v1.3 Configuration of (r)epstopdf for TeX Liv
e
))
Package caption Info: Begin \AtBeginDocument code.
Package caption Info: float package is loaded.
Package caption Info: hyperref package is loaded.
Package caption Info: End \AtBeginDocument code.
\AtBeginShipoutBox=\box40
Package hyperref Info: Link coloring OFF on input line 57.

(/usr/share/texlive/texmf-dist/tex/latex/hyperref/nameref.sty
Package: nameref 2016/05/21 v2.44 Cross-referencing by name of section

(/usr/share/texlive/texmf-dist/tex/generic/oberdiek/gettitlestring.sty
Package: gettitlestring 2016/05/16 v1.5 Cleanup title references (HO)
)
\c@section@level=\count174
)
LaTeX Info: Redefining \ref on input line 57.
LaTeX Info: Redefining \pageref on input line 57.
LaTeX Info: Redefining \nameref on input line 57.

(./ES_FlexiSMART_Amazon_Guide.out) (./ES_FlexiSMART_Amazon_Guide.out)
\@outlinefile=\write3
\openout3 = `ES_FlexiSMART_Amazon_Guide.out'.


(/usr/share/texlive/texmf-dist/tex/latex/oberdiek/pdflscape.sty
Package: pdflscape 2016/05/14 v0.11 Display of landscape pages in PDF (HO)

(/usr/share/texlive/texmf-dist/tex/latex/graphics/lscape.sty
Package: lscape 2000/10/22 v3.01 Landscape Pages (DPC)
)
Package pdflscape Info: Auto-detected driver: pdftex on input line 81.
)
LaTeX Info: Redefining \. on input line 57.
LaTeX Info: Redefining \% on input line 57.

(./ES_FlexiSMART_Amazon_Guide.toc
LaTeX Info: Redefining \. on input line 1.
LaTeX Info: Redefining \% on input line 1.
LaTeX Font Info:    Try loading font information for U+msa on input line 6.

(/usr/share/texlive/texmf-dist/tex/latex/amsfonts/umsa.fd
File: umsa.fd 2013/01/14 v3.01 AMS symbols A
)
LaTeX Font Info:    Try loading font information for U+msb on input line 6.

(/usr/share/texlive/texmf-dist/tex/latex/amsfonts/umsb.fd
File: umsb.fd 2013/01/14 v3.01 AMS symbols B
))
\tf@toc=\write4
\openout4 = `ES_FlexiSMART_Amazon_Guide.toc'.

<PDF/ES_PORTADA.pdf, id=99, 597.50786pt x 845.04686pt>
File: PDF/ES_PORTADA.pdf Graphic file (type pdf)
<use PDF/ES_PORTADA.pdf>
Package pdftex.def Info: PDF/ES_PORTADA.pdf  used on input line 62.
(pdftex.def)             Requested size: 597.5064pt x 845.0448pt.
File: PDF/ES_PORTADA.pdf Graphic file (type pdf)
<use PDF/ES_PORTADA.pdf>
Package pdftex.def Info: PDF/ES_PORTADA.pdf  used on input line 62.
(pdftex.def)             Requested size: 597.5064pt x 845.0448pt.
<PDF/ES_PORTADA.pdf, id=102, page=1, 597.50786pt x 845.04686pt>
File: PDF/ES_PORTADA.pdf Graphic file (type pdf)
<use PDF/ES_PORTADA.pdf, page 1>
Package pdftex.def Info: PDF/ES_PORTADA.pdf , page1 used on input line 62.
(pdftex.def)             Requested size: 597.5064pt x 845.0448pt.
File: PDF/ES_PORTADA.pdf Graphic file (type pdf)
<use PDF/ES_PORTADA.pdf, page 1>
Package pdftex.def Info: PDF/ES_PORTADA.pdf , page1 used on input line 62.
(pdftex.def)             Requested size: 597.53374pt x 845.08348pt.
<FOTOS/logofff.png, id=103, 481.8pt x 574.0647pt>
File: FOTOS/logofff.png Graphic file (type png)
<use FOTOS/logofff.png>
Package pdftex.def Info: FOTOS/logofff.png  used on input line 62.
(pdftex.def)             Requested size: 602.2485pt x 717.57912pt.

Overfull \hbox (4.74063pt too wide) has occurred while \output is active
 [][][] 
 []

<FOTOS/header.png, id=105, 1237.62375pt x 189.70876pt>
File: FOTOS/header.png Graphic file (type png)
<use FOTOS/header.png>
Package pdftex.def Info: FOTOS/header.png  used on input line 62.
(pdftex.def)             Requested size: 597.52742pt x 91.59178pt.
<FOTOS/footer.png, id=106, 846.16125pt x 69.25874pt>
File: FOTOS/footer.png Graphic file (type png)
<use FOTOS/footer.png>
Package pdftex.def Info: FOTOS/footer.png  used on input line 62.
(pdftex.def)             Requested size: 597.52504pt x 48.90771pt.
[1
Non-PDF special ignored!
Non-PDF special ignored!
Non-PDF special ignored!
Non-PDF special ignored!
Non-PDF special ignored!
Non-PDF special ignored!
Non-PDF special ignored!
Non-PDF special ignored!


Non-PDF special ignored!
Non-PDF special ignored!
Non-PDF special ignored!
Non-PDF special ignored!{/var/lib/texmf/fonts/map/pdftex/updmap/pdftex.map} <./
FOTOS/logofff.png> <./FOTOS/header.png (PNG copy)> <./FOTOS/footer.png>]
File: PDF/ES_PORTADA.pdf Graphic file (type pdf)
<use PDF/ES_PORTADA.pdf, page 1>
Package pdftex.def Info: PDF/ES_PORTADA.pdf , page1 used on input line 62.
(pdftex.def)             Requested size: 597.53374pt x 845.08348pt.
File: PDF/ES_PORTADA.pdf Graphic file (type pdf)
<use PDF/ES_PORTADA.pdf, page 1>
Package pdftex.def Info: PDF/ES_PORTADA.pdf , page1 used on input line 62.
(pdftex.def)             Requested size: 597.53374pt x 845.08348pt.
File: FOTOS/logofff.png Graphic file (type png)
<use FOTOS/logofff.png>
Package pdftex.def Info: FOTOS/logofff.png  used on input line 62.
(pdftex.def)             Requested size: 602.2485pt x 717.57912pt.

Overfull \hbox (4.74063pt too wide) has occurred while \output is active
 [][][] 
 []

File: FOTOS/header.png Graphic file (type png)
<use FOTOS/header.png>
Package pdftex.def Info: FOTOS/header.png  used on input line 62.
(pdftex.def)             Requested size: 597.52742pt x 91.59178pt.
File: FOTOS/footer.png Graphic file (type png)
<use FOTOS/footer.png>
Package pdftex.def Info: FOTOS/footer.png  used on input line 62.
(pdftex.def)             Requested size: 597.52504pt x 48.90771pt.
File: PDF/ES_PORTADA.pdf Graphic file (type pdf)
<use PDF/ES_PORTADA.pdf, page 1>
Package pdftex.def Info: PDF/ES_PORTADA.pdf , page1 used on input line 62.
(pdftex.def)             Requested size: 597.53374pt x 845.08348pt.
[2 <./PDF/ES_PORTADA.pdf>]
Underfull \hbox (badness 10000) in paragraph at lines 63--66

 []


Underfull \hbox (badness 10000) in paragraph at lines 68--71

 []

LaTeX Font Info:    Try loading font information for OML+cmss on input line 92.

LaTeX Font Info:    No file OMLcmss.fd. on input line 92.

LaTeX Font Warning: Font shape `OML/cmss/m/n' undefined
(Font)              using `OML/cmm/m/it' instead
(Font)              for symbol `textgreater' on input line 92.


Underfull \hbox (badness 10000) in paragraph at lines 114--119

 []


Underfull \hbox (badness 10000) in paragraph at lines 114--119

 []

File: FOTOS/logofff.png Graphic file (type png)
<use FOTOS/logofff.png>
Package pdftex.def Info: FOTOS/logofff.png  used on input line 119.
(pdftex.def)             Requested size: 602.2485pt x 717.57912pt.

Overfull \hbox (4.74063pt too wide) has occurred while \output is active
 [][][] 
 []

File: FOTOS/header.png Graphic file (type png)
<use FOTOS/header.png>
Package pdftex.def Info: FOTOS/header.png  used on input line 119.
(pdftex.def)             Requested size: 597.52742pt x 91.59178pt.
File: FOTOS/footer.png Graphic file (type png)
<use FOTOS/footer.png>
Package pdftex.def Info: FOTOS/footer.png  used on input line 119.
(pdftex.def)             Requested size: 597.52504pt x 48.90771pt.
[3]
<FOTOS/NUDOS1.png, id=4289, 963.6pt x 562.1pt>
File: FOTOS/NUDOS1.png Graphic file (type png)
<use FOTOS/NUDOS1.png>
Package pdftex.def Info: FOTOS/NUDOS1.png  used on input line 128.
(pdftex.def)             Requested size: 227.62206pt x 132.77966pt.

Underfull \hbox (badness 10000) in paragraph at lines 121--130

 []


Underfull \hbox (badness 10000) in paragraph at lines 121--130

 []

<FOTOS/NUDOS2.png, id=4290, 963.6pt x 562.1pt>
File: FOTOS/NUDOS2.png Graphic file (type png)
<use FOTOS/NUDOS2.png>
Package pdftex.def Info: FOTOS/NUDOS2.png  used on input line 138.
(pdftex.def)             Requested size: 227.62206pt x 132.77966pt.

Underfull \hbox (badness 10000) in paragraph at lines 131--140

 []


Underfull \hbox (badness 10000) in paragraph at lines 131--140

 []

File: FOTOS/logofff.png Graphic file (type png)
<use FOTOS/logofff.png>
Package pdftex.def Info: FOTOS/logofff.png  used on input line 140.
(pdftex.def)             Requested size: 602.2485pt x 717.57912pt.

Overfull \hbox (4.74063pt too wide) has occurred while \output is active
 [][][] 
 []

File: FOTOS/header.png Graphic file (type png)
<use FOTOS/header.png>
Package pdftex.def Info: FOTOS/header.png  used on input line 140.
(pdftex.def)             Requested size: 597.52742pt x 91.59178pt.
File: FOTOS/footer.png Graphic file (type png)
<use FOTOS/footer.png>
Package pdftex.def Info: FOTOS/footer.png  used on input line 140.
(pdftex.def)             Requested size: 597.52504pt x 48.90771pt.
[4 <./FOTOS/NUDOS1.png (PNG copy)>]

LaTeX Font Warning: Font shape `OT1/cmss/m/it' in size <10.95> not available
(Font)              Font shape `OT1/cmss/m/sl' tried instead on input line 141.



Underfull \hbox (badness 10000) in paragraph at lines 141--144

 []


Underfull \hbox (badness 10000) in paragraph at lines 146--149

 []


Underfull \hbox (badness 10000) in paragraph at lines 149--155

 []


Underfull \hbox (badness 10000) in paragraph at lines 149--155

 []


Underfull \hbox (badness 10000) in paragraph at lines 149--155

 []

<FOTOS/TEFLON1.jpg, id=4297, 481.8pt x 380.42125pt>
File: FOTOS/TEFLON1.jpg Graphic file (type jpg)
<use FOTOS/TEFLON1.jpg>
Package pdftex.def Info: FOTOS/TEFLON1.jpg  used on input line 162.
(pdftex.def)             Requested size: 136.57462pt x 107.83488pt.

Overfull \hbox (8.0pt too wide) in paragraph at lines 162--163
[][] 
 []

<FOTOS/TEFLON2.jpg, id=4298, 481.8pt x 380.42125pt>
File: FOTOS/TEFLON2.jpg Graphic file (type jpg)
<use FOTOS/TEFLON2.jpg>
Package pdftex.def Info: FOTOS/TEFLON2.jpg  used on input line 167.
(pdftex.def)             Requested size: 136.57462pt x 107.83488pt.

Overfull \hbox (8.0pt too wide) in paragraph at lines 167--168
[][] 
 []

<FOTOS/TEFLON3.jpg, id=4299, 481.8pt x 380.42125pt>
File: FOTOS/TEFLON3.jpg Graphic file (type jpg)
<use FOTOS/TEFLON3.jpg>
Package pdftex.def Info: FOTOS/TEFLON3.jpg  used on input line 172.
(pdftex.def)             Requested size: 136.57462pt x 107.83488pt.

Overfull \hbox (8.0pt too wide) in paragraph at lines 172--173
[][] 
 []


Underfull \hbox (badness 10000) in paragraph at lines 155--175

 []


Underfull \hbox (badness 10000) in paragraph at lines 155--175

 []

File: FOTOS/logofff.png Graphic file (type png)
<use FOTOS/logofff.png>
Package pdftex.def Info: FOTOS/logofff.png  used on input line 175.
(pdftex.def)             Requested size: 602.2485pt x 717.57912pt.

Overfull \hbox (4.74063pt too wide) has occurred while \output is active
 [][][] 
 []

File: FOTOS/header.png Graphic file (type png)
<use FOTOS/header.png>
Package pdftex.def Info: FOTOS/header.png  used on input line 175.
(pdftex.def)             Requested size: 597.52742pt x 91.59178pt.
File: FOTOS/footer.png Graphic file (type png)
<use FOTOS/footer.png>
Package pdftex.def Info: FOTOS/footer.png  used on input line 175.
(pdftex.def)             Requested size: 597.52504pt x 48.90771pt.
[5 <./FOTOS/NUDOS2.png (PNG copy)>]
<FOTOS/GUIA1.jpg, id=4310, 843.15pt x 286.06876pt>
File: FOTOS/GUIA1.jpg Graphic file (type jpg)
<use FOTOS/GUIA1.jpg>
Package pdftex.def Info: FOTOS/GUIA1.jpg  used on input line 183.
(pdftex.def)             Requested size: 227.62206pt x 77.2265pt.

Overfull \hbox (8.0pt too wide) in paragraph at lines 183--184
[][] 
 []

<FOTOS/GUIA2.jpg, id=4311, 843.15pt x 289.08pt>
File: FOTOS/GUIA2.jpg Graphic file (type jpg)
<use FOTOS/GUIA2.jpg>
Package pdftex.def Info: FOTOS/GUIA2.jpg  used on input line 188.
(pdftex.def)             Requested size: 227.62206pt x 78.0394pt.

Overfull \hbox (8.0pt too wide) in paragraph at lines 188--189
[][] 
 []

<FOTOS/GUIA3.jpg, id=4312, 843.15pt x 286.06876pt>
File: FOTOS/GUIA3.jpg Graphic file (type jpg)
<use FOTOS/GUIA3.jpg>
Package pdftex.def Info: FOTOS/GUIA3.jpg  used on input line 193.
(pdftex.def)             Requested size: 227.62206pt x 77.2265pt.

Overfull \hbox (8.0pt too wide) in paragraph at lines 193--194
[][] 
 []


Underfull \hbox (badness 10000) in paragraph at lines 176--196

 []


Underfull \hbox (badness 10000) in paragraph at lines 176--196

 []

<FOTOS/SOLUCION1.jpg, id=4313, 652.4375pt x 463.7325pt>
File: FOTOS/SOLUCION1.jpg Graphic file (type jpg)
<use FOTOS/SOLUCION1.jpg>
Package pdftex.def Info: FOTOS/SOLUCION1.jpg  used on input line 206.
(pdftex.def)             Requested size: 227.62206pt x 161.78517pt.

Underfull \hbox (badness 10000) in paragraph at lines 198--208

 []


Underfull \hbox (badness 10000) in paragraph at lines 198--208

 []


Underfull \hbox (badness 10000) in paragraph at lines 198--208

 []

File: FOTOS/logofff.png Graphic file (type png)
<use FOTOS/logofff.png>
Package pdftex.def Info: FOTOS/logofff.png  used on input line 208.
(pdftex.def)             Requested size: 602.2485pt x 717.57912pt.

Overfull \hbox (4.74063pt too wide) has occurred while \output is active
 [][][] 
 []

File: FOTOS/header.png Graphic file (type png)
<use FOTOS/header.png>
Package pdftex.def Info: FOTOS/header.png  used on input line 208.
(pdftex.def)             Requested size: 597.52742pt x 91.59178pt.
File: FOTOS/footer.png Graphic file (type png)
<use FOTOS/footer.png>
Package pdftex.def Info: FOTOS/footer.png  used on input line 208.
(pdftex.def)             Requested size: 597.52504pt x 48.90771pt.
[6 <./FOTOS/TEFLON1.jpg> <./FOTOS/TEFLON2.jpg> <./FOTOS/TEFLON3.jpg> <./FOTOS/G
UIA1.jpg> <./FOTOS/GUIA2.jpg> <./FOTOS/GUIA3.jpg>]
<FOTOS/SOLUCION2.jpg, id=4322, 630.355pt x 473.77pt>
File: FOTOS/SOLUCION2.jpg Graphic file (type jpg)
<use FOTOS/SOLUCION2.jpg>
Package pdftex.def Info: FOTOS/SOLUCION2.jpg  used on input line 215.
(pdftex.def)             Requested size: 227.62206pt x 171.07756pt.

Underfull \hbox (badness 10000) in paragraph at lines 209--217

 []


Underfull \hbox (badness 10000) in paragraph at lines 209--217

 []

File: FOTOS/logofff.png Graphic file (type png)
<use FOTOS/logofff.png>
Package pdftex.def Info: FOTOS/logofff.png  used on input line 218.
(pdftex.def)             Requested size: 602.2485pt x 717.57912pt.

Overfull \hbox (4.74063pt too wide) has occurred while \output is active
 [][][] 
 []

File: FOTOS/header.png Graphic file (type png)
<use FOTOS/header.png>
Package pdftex.def Info: FOTOS/header.png  used on input line 218.
(pdftex.def)             Requested size: 597.52742pt x 91.59178pt.
File: FOTOS/footer.png Graphic file (type png)
<use FOTOS/footer.png>
Package pdftex.def Info: FOTOS/footer.png  used on input line 218.
(pdftex.def)             Requested size: 597.52504pt x 48.90771pt.
[7 <./FOTOS/SOLUCION1.jpg>]
Underfull \hbox (badness 10000) in paragraph at lines 219--224

 []


Underfull \hbox (badness 10000) in paragraph at lines 219--224

 []


Underfull \hbox (badness 10000) in paragraph at lines 224--228

 []


Underfull \hbox (badness 10000) in paragraph at lines 224--228

 []

<FOTOS/EXTRUSOR1.jpg, id=4332, 630.355pt x 473.77pt>
File: FOTOS/EXTRUSOR1.jpg Graphic file (type jpg)
<use FOTOS/EXTRUSOR1.jpg>
Package pdftex.def Info: FOTOS/EXTRUSOR1.jpg  used on input line 238.
(pdftex.def)             Requested size: 182.09486pt x 136.86205pt.

Overfull \hbox (8.0pt too wide) in paragraph at lines 238--239
[][] 
 []

<FOTOS/EXTRUSOR2.jpg, id=4335, 472.76625pt x 355.3275pt>
File: FOTOS/EXTRUSOR2.jpg Graphic file (type jpg)
<use FOTOS/EXTRUSOR2.jpg>
Package pdftex.def Info: FOTOS/EXTRUSOR2.jpg  used on input line 244.
(pdftex.def)             Requested size: 182.09486pt x 136.86385pt.

Overfull \hbox (8.0pt too wide) in paragraph at lines 244--245
[][] 
 []

<FOTOS/EXTRUSOR3.jpg, id=4338, 630.355pt x 473.77pt>
File: FOTOS/EXTRUSOR3.jpg Graphic file (type jpg)
<use FOTOS/EXTRUSOR3.jpg>
Package pdftex.def Info: FOTOS/EXTRUSOR3.jpg  used on input line 253.
(pdftex.def)             Requested size: 182.09486pt x 136.86205pt.

Overfull \hbox (8.0pt too wide) in paragraph at lines 253--254
[][] 
 []

<FOTOS/EXTRUSOR4.jpg, id=4341, 630.355pt x 473.77pt>
File: FOTOS/EXTRUSOR4.jpg Graphic file (type jpg)
<use FOTOS/EXTRUSOR4.jpg>
Package pdftex.def Info: FOTOS/EXTRUSOR4.jpg  used on input line 259.
(pdftex.def)             Requested size: 182.09486pt x 136.86205pt.

Overfull \hbox (8.0pt too wide) in paragraph at lines 259--260
[][] 
 []

File: FOTOS/logofff.png Graphic file (type png)
<use FOTOS/logofff.png>
Package pdftex.def Info: FOTOS/logofff.png  used on input line 262.
(pdftex.def)             Requested size: 602.2485pt x 717.57912pt.

Overfull \hbox (4.74063pt too wide) has occurred while \output is active
 [][][] 
 []

File: FOTOS/header.png Graphic file (type png)
<use FOTOS/header.png>
Package pdftex.def Info: FOTOS/header.png  used on input line 262.
(pdftex.def)             Requested size: 597.52742pt x 91.59178pt.
File: FOTOS/footer.png Graphic file (type png)
<use FOTOS/footer.png>
Package pdftex.def Info: FOTOS/footer.png  used on input line 262.
(pdftex.def)             Requested size: 597.52504pt x 48.90771pt.
[8 <./FOTOS/SOLUCION2.jpg>]
<FOTOS/EXTRUSOR5.jpg, id=4352, 576.1525pt x 576.1525pt>
File: FOTOS/EXTRUSOR5.jpg Graphic file (type jpg)
<use FOTOS/EXTRUSOR5.jpg>
Package pdftex.def Info: FOTOS/EXTRUSOR5.jpg  used on input line 270.
(pdftex.def)             Requested size: 182.09486pt x 182.0956pt.

Overfull \hbox (8.0pt too wide) in paragraph at lines 270--271
[][] 
 []

<FOTOS/EXTRUSOR6.jpg, id=4355, 576.1525pt x 576.1525pt>
File: FOTOS/EXTRUSOR6.jpg Graphic file (type jpg)
<use FOTOS/EXTRUSOR6.jpg>
Package pdftex.def Info: FOTOS/EXTRUSOR6.jpg  used on input line 276.
(pdftex.def)             Requested size: 182.09486pt x 182.0956pt.

Overfull \hbox (8.0pt too wide) in paragraph at lines 276--277
[][] 
 []


Underfull \hbox (badness 10000) in paragraph at lines 263--279

 []


Underfull \hbox (badness 10000) in paragraph at lines 263--279

 []

<FOTOS/EXTRUSOR7.jpg, id=4358, 172.84575pt x 172.84575pt>
File: FOTOS/EXTRUSOR7.jpg Graphic file (type jpg)
<use FOTOS/EXTRUSOR7.jpg>
Package pdftex.def Info: FOTOS/EXTRUSOR7.jpg  used on input line 285.
(pdftex.def)             Requested size: 182.09486pt x 182.0947pt.

Overfull \hbox (8.0pt too wide) in paragraph at lines 285--286
[][] 
 []

<FOTOS/EXTRUSOR8.jpg, id=4361, 432.11438pt x 432.11438pt>
File: FOTOS/EXTRUSOR8.jpg Graphic file (type jpg)
<use FOTOS/EXTRUSOR8.jpg>
Package pdftex.def Info: FOTOS/EXTRUSOR8.jpg  used on input line 291.
(pdftex.def)             Requested size: 182.09486pt x 182.0934pt.

Overfull \hbox (8.0pt too wide) in paragraph at lines 291--292
[][] 
 []

File: FOTOS/logofff.png Graphic file (type png)
<use FOTOS/logofff.png>
Package pdftex.def Info: FOTOS/logofff.png  used on input line 294.
(pdftex.def)             Requested size: 602.2485pt x 717.57912pt.

Overfull \hbox (4.74063pt too wide) has occurred while \output is active
 [][][] 
 []

File: FOTOS/header.png Graphic file (type png)
<use FOTOS/header.png>
Package pdftex.def Info: FOTOS/header.png  used on input line 294.
(pdftex.def)             Requested size: 597.52742pt x 91.59178pt.
File: FOTOS/footer.png Graphic file (type png)
<use FOTOS/footer.png>
Package pdftex.def Info: FOTOS/footer.png  used on input line 294.
(pdftex.def)             Requested size: 597.52504pt x 48.90771pt.
[9 <./FOTOS/EXTRUSOR1.jpg> <./FOTOS/EXTRUSOR2.jpg> <./FOTOS/EXTRUSOR3.jpg> <./F
OTOS/EXTRUSOR4.jpg>]
<FOTOS/RETRACCION1.jpg, id=4375, 605.26125pt x 403.5075pt>
File: FOTOS/RETRACCION1.jpg Graphic file (type jpg)
<use FOTOS/RETRACCION1.jpg>
Package pdftex.def Info: FOTOS/RETRACCION1.jpg  used on input line 300.
(pdftex.def)             Requested size: 227.62206pt x 151.74593pt.
File: FOTOS/logofff.png Graphic file (type png)
<use FOTOS/logofff.png>
Package pdftex.def Info: FOTOS/logofff.png  used on input line 303.
(pdftex.def)             Requested size: 602.2485pt x 717.57912pt.

Overfull \hbox (4.74063pt too wide) has occurred while \output is active
 [][][] 
 []

File: FOTOS/header.png Graphic file (type png)
<use FOTOS/header.png>
Package pdftex.def Info: FOTOS/header.png  used on input line 303.
(pdftex.def)             Requested size: 597.52742pt x 91.59178pt.
File: FOTOS/footer.png Graphic file (type png)
<use FOTOS/footer.png>
Package pdftex.def Info: FOTOS/footer.png  used on input line 303.
(pdftex.def)             Requested size: 597.52504pt x 48.90771pt.
[10 <./FOTOS/EXTRUSOR5.jpg> <./FOTOS/EXTRUSOR6.jpg> <./FOTOS/EXTRUSOR7.jpg> <./
FOTOS/EXTRUSOR8.jpg>]
Underfull \hbox (badness 10000) in paragraph at lines 303--306

 []

<FOTOS/SEQUENTIALPRINTING.jpg, id=4383, 713.66624pt x 344.28625pt>
File: FOTOS/SEQUENTIALPRINTING.jpg Graphic file (type jpg)
<use FOTOS/SEQUENTIALPRINTING.jpg>
Package pdftex.def Info: FOTOS/SEQUENTIALPRINTING.jpg  used on input line 315.
(pdftex.def)             Requested size: 227.62206pt x 109.8061pt.

Underfull \hbox (badness 10000) in paragraph at lines 318--325

 []


Underfull \hbox (badness 10000) in paragraph at lines 318--325

 []


Underfull \hbox (badness 10000) in paragraph at lines 318--325

 []

File: FOTOS/logofff.png Graphic file (type png)
<use FOTOS/logofff.png>
Package pdftex.def Info: FOTOS/logofff.png  used on input line 325.
(pdftex.def)             Requested size: 602.2485pt x 717.57912pt.

Overfull \hbox (4.74063pt too wide) has occurred while \output is active
 [][][] 
 []

File: FOTOS/header.png Graphic file (type png)
<use FOTOS/header.png>
Package pdftex.def Info: FOTOS/header.png  used on input line 325.
(pdftex.def)             Requested size: 597.52742pt x 91.59178pt.
File: FOTOS/footer.png Graphic file (type png)
<use FOTOS/footer.png>
Package pdftex.def Info: FOTOS/footer.png  used on input line 325.
(pdftex.def)             Requested size: 597.52504pt x 48.90771pt.
[11 <./FOTOS/RETRACCION1.jpg> <./FOTOS/SEQUENTIALPRINTING.jpg>]
<FOTOS/HOTENDALTO.JPG, id=4393, 386.44376pt x 257.96375pt>
File: FOTOS/HOTENDALTO.JPG Graphic file (type jpg)
<use FOTOS/HOTENDALTO.JPG>
Package pdftex.def Info: FOTOS/HOTENDALTO.JPG  used on input line 345.
(pdftex.def)             Requested size: 136.57462pt x 91.16643pt.

Overfull \hbox (6.0pt too wide) in paragraph at lines 345--346
[][] 
 []

<FOTOS/HOTENDBAJO.JPG, id=4394, 386.44376pt x 257.96375pt>
File: FOTOS/HOTENDBAJO.JPG Graphic file (type jpg)
<use FOTOS/HOTENDBAJO.JPG>
Package pdftex.def Info: FOTOS/HOTENDBAJO.JPG  used on input line 351.
(pdftex.def)             Requested size: 136.57462pt x 91.16643pt.

Overfull \hbox (6.0pt too wide) in paragraph at lines 351--352
[][] 
 []

<FOTOS/HOTENDPERFECTO.JPG, id=4395, 386.44376pt x 257.96375pt>
File: FOTOS/HOTENDPERFECTO.JPG Graphic file (type jpg)
<use FOTOS/HOTENDPERFECTO.JPG>
Package pdftex.def Info: FOTOS/HOTENDPERFECTO.JPG  used on input line 357.
(pdftex.def)             Requested size: 136.57462pt x 91.16643pt.

Overfull \hbox (6.0pt too wide) in paragraph at lines 357--358
[][] 
 []


Underfull \hbox (badness 10000) in paragraph at lines 333--360

 []


Underfull \hbox (badness 10000) in paragraph at lines 333--360

 []


Underfull \hbox (badness 10000) in paragraph at lines 333--360

 []


Underfull \hbox (badness 10000) in paragraph at lines 333--360

 []

File: FOTOS/logofff.png Graphic file (type png)
<use FOTOS/logofff.png>
Package pdftex.def Info: FOTOS/logofff.png  used on input line 362.
(pdftex.def)             Requested size: 602.2485pt x 717.57912pt.

Overfull \hbox (4.74063pt too wide) has occurred while \output is active
 [][][] 
 []

File: FOTOS/header.png Graphic file (type png)
<use FOTOS/header.png>
Package pdftex.def Info: FOTOS/header.png  used on input line 362.
(pdftex.def)             Requested size: 597.52742pt x 91.59178pt.
File: FOTOS/footer.png Graphic file (type png)
<use FOTOS/footer.png>
Package pdftex.def Info: FOTOS/footer.png  used on input line 362.
(pdftex.def)             Requested size: 597.52504pt x 48.90771pt.
[12 <./FOTOS/HOTENDALTO.JPG> <./FOTOS/HOTENDBAJO.JPG> <./FOTOS/HOTENDPERFECTO.J
PG>]
Underfull \hbox (badness 10000) in paragraph at lines 364--367

 []


Underfull \hbox (badness 10000) in paragraph at lines 368--377

 []


Underfull \hbox (badness 10000) in paragraph at lines 368--377

 []


Underfull \hbox (badness 10000) in paragraph at lines 368--377

 []


Underfull \hbox (badness 10000) in paragraph at lines 368--377

 []


Underfull \hbox (badness 10000) in paragraph at lines 378--385

 []


Underfull \hbox (badness 10000) in paragraph at lines 378--385

 []


Underfull \hbox (badness 10000) in paragraph at lines 378--385

 []


Underfull \hbox (badness 10000) in paragraph at lines 386--391

 []


Underfull \hbox (badness 10000) in paragraph at lines 386--391

 []

File: FOTOS/logofff.png Graphic file (type png)
<use FOTOS/logofff.png>
Package pdftex.def Info: FOTOS/logofff.png  used on input line 391.
(pdftex.def)             Requested size: 602.2485pt x 717.57912pt.

Overfull \hbox (4.74063pt too wide) has occurred while \output is active
 [][][] 
 []

File: FOTOS/header.png Graphic file (type png)
<use FOTOS/header.png>
Package pdftex.def Info: FOTOS/header.png  used on input line 391.
(pdftex.def)             Requested size: 597.52742pt x 91.59178pt.
File: FOTOS/footer.png Graphic file (type png)
<use FOTOS/footer.png>
Package pdftex.def Info: FOTOS/footer.png  used on input line 391.
(pdftex.def)             Requested size: 597.52504pt x 48.90771pt.
[13]
<FOTOS/AMAZON_FIVE_STARS.png, id=4406, 513.92pt x 276.03125pt>
File: FOTOS/AMAZON_FIVE_STARS.png Graphic file (type png)
<use FOTOS/AMAZON_FIVE_STARS.png>
Package pdftex.def Info: FOTOS/AMAZON_FIVE_STARS.png  used on input line 397.
(pdftex.def)             Requested size: 227.62206pt x 122.25859pt.

Underfull \hbox (badness 10000) in paragraph at lines 392--399

 []

File: FOTOS/logofff.png Graphic file (type png)
<use FOTOS/logofff.png>
Package pdftex.def Info: FOTOS/logofff.png  used on input line 410.
(pdftex.def)             Requested size: 602.2485pt x 717.57912pt.

Overfull \hbox (4.74063pt too wide) has occurred while \output is active
 [][][] 
 []

File: FOTOS/header.png Graphic file (type png)
<use FOTOS/header.png>
Package pdftex.def Info: FOTOS/header.png  used on input line 410.
(pdftex.def)             Requested size: 597.52742pt x 91.59178pt.
File: FOTOS/footer.png Graphic file (type png)
<use FOTOS/footer.png>
Package pdftex.def Info: FOTOS/footer.png  used on input line 410.
(pdftex.def)             Requested size: 597.52504pt x 48.90771pt.
[14 <./FOTOS/AMAZON_FIVE_STARS.png>]
<PDF/ES_CONTRAPORTADA.pdf, id=4412, 597.50786pt x 845.04686pt>
File: PDF/ES_CONTRAPORTADA.pdf Graphic file (type pdf)
<use PDF/ES_CONTRAPORTADA.pdf>
Package pdftex.def Info: PDF/ES_CONTRAPORTADA.pdf  used on input line 427.
(pdftex.def)             Requested size: 597.5064pt x 845.0448pt.
File: PDF/ES_CONTRAPORTADA.pdf Graphic file (type pdf)
<use PDF/ES_CONTRAPORTADA.pdf>
Package pdftex.def Info: PDF/ES_CONTRAPORTADA.pdf  used on input line 427.
(pdftex.def)             Requested size: 597.5064pt x 845.0448pt.
<PDF/ES_CONTRAPORTADA.pdf, id=4415, page=1, 597.50786pt x 845.04686pt>
File: PDF/ES_CONTRAPORTADA.pdf Graphic file (type pdf)
<use PDF/ES_CONTRAPORTADA.pdf, page 1>
Package pdftex.def Info: PDF/ES_CONTRAPORTADA.pdf , page1 used on input line 42
7.
(pdftex.def)             Requested size: 597.5064pt x 845.0448pt.
File: PDF/ES_CONTRAPORTADA.pdf Graphic file (type pdf)
<use PDF/ES_CONTRAPORTADA.pdf, page 1>
Package pdftex.def Info: PDF/ES_CONTRAPORTADA.pdf , page1 used on input line 42
7.
(pdftex.def)             Requested size: 597.53374pt x 845.08348pt.
File: FOTOS/logofff.png Graphic file (type png)
<use FOTOS/logofff.png>
Package pdftex.def Info: FOTOS/logofff.png  used on input line 427.
(pdftex.def)             Requested size: 602.2485pt x 717.57912pt.

Overfull \hbox (4.74063pt too wide) has occurred while \output is active
 [][][] 
 []

File: FOTOS/header.png Graphic file (type png)
<use FOTOS/header.png>
Package pdftex.def Info: FOTOS/header.png  used on input line 427.
(pdftex.def)             Requested size: 597.52742pt x 91.59178pt.
File: FOTOS/footer.png Graphic file (type png)
<use FOTOS/footer.png>
Package pdftex.def Info: FOTOS/footer.png  used on input line 427.
(pdftex.def)             Requested size: 597.52504pt x 48.90771pt.
[15]
File: PDF/ES_CONTRAPORTADA.pdf Graphic file (type pdf)
<use PDF/ES_CONTRAPORTADA.pdf, page 1>
Package pdftex.def Info: PDF/ES_CONTRAPORTADA.pdf , page1 used on input line 42
7.
(pdftex.def)             Requested size: 597.53374pt x 845.08348pt.
File: PDF/ES_CONTRAPORTADA.pdf Graphic file (type pdf)
<use PDF/ES_CONTRAPORTADA.pdf, page 1>
Package pdftex.def Info: PDF/ES_CONTRAPORTADA.pdf , page1 used on input line 42
7.
(pdftex.def)             Requested size: 597.53374pt x 845.08348pt.
File: FOTOS/logofff.png Graphic file (type png)
<use FOTOS/logofff.png>
Package pdftex.def Info: FOTOS/logofff.png  used on input line 427.
(pdftex.def)             Requested size: 602.2485pt x 717.57912pt.

Overfull \hbox (4.74063pt too wide) has occurred while \output is active
 [][][] 
 []

File: FOTOS/header.png Graphic file (type png)
<use FOTOS/header.png>
Package pdftex.def Info: FOTOS/header.png  used on input line 427.
(pdftex.def)             Requested size: 597.52742pt x 91.59178pt.
File: FOTOS/footer.png Graphic file (type png)
<use FOTOS/footer.png>
Package pdftex.def Info: FOTOS/footer.png  used on input line 427.
(pdftex.def)             Requested size: 597.52504pt x 48.90771pt.
File: PDF/ES_CONTRAPORTADA.pdf Graphic file (type pdf)
<use PDF/ES_CONTRAPORTADA.pdf, page 1>
Package pdftex.def Info: PDF/ES_CONTRAPORTADA.pdf , page1 used on input line 42
7.
(pdftex.def)             Requested size: 597.53374pt x 845.08348pt.
[16 <./PDF/ES_CONTRAPORTADA.pdf>]
Package atveryend Info: Empty hook `BeforeClearDocument' on input line 428.
Package atveryend Info: Empty hook `AfterLastShipout' on input line 428.
 (./ES_FlexiSMART_Amazon_Guide.aux
LaTeX Info: Redefining \. on input line 26.
LaTeX Info: Redefining \% on input line 26.
)
Package atveryend Info: Executing hook `AtVeryEndDocument' on input line 428.
Package atveryend Info: Executing hook `AtEndAfterFileList' on input line 428.
Package rerunfilecheck Info: File `ES_FlexiSMART_Amazon_Guide.out' has not chan
ged.
(rerunfilecheck)             Checksum: 9360D07BFD9085D723E3FC5CE9E0025D;1530.


LaTeX Font Warning: Some font shapes were not available, defaults substituted.

Package atveryend Info: Empty hook `AtVeryVeryEnd' on input line 428.
 ) 
Here is how much of TeX's memory you used:
 19041 strings out of 492982
 314128 string characters out of 6134896
 469839 words of memory out of 5000000
 22162 multiletter control sequences out of 15000+600000
 19242 words of font info for 74 fonts, out of 8000000 for 9000
 1141 hyphenation exceptions out of 8191
 43i,18n,77p,683b,676s stack positions out of 5000i,500n,10000p,200000b,80000s
</usr/share/texlive/texmf-dist/fonts/type1/public/amsfonts/cm/cmmi10.pfb></us
r/share/texlive/texmf-dist/fonts/type1/public/amsfonts/cm/cmss10.pfb></usr/shar
e/texlive/texmf-dist/fonts/type1/public/amsfonts/cm/cmss8.pfb></usr/share/texli
ve/texmf-dist/fonts/type1/public/amsfonts/cm/cmss9.pfb></usr/share/texlive/texm
f-dist/fonts/type1/public/amsfonts/cm/cmssbx10.pfb></usr/share/texlive/texmf-di
st/fonts/type1/public/amsfonts/cm/cmssi10.pfb></usr/share/texlive/texmf-dist/fo
nts/type1/public/amsfonts/cm/cmtt10.pfb></usr/share/texlive/texmf-dist/fonts/ty
pe1/public/amsfonts/cm/cmtt12.pfb></usr/share/texlive/texmf-dist/fonts/type1/pu
blic/eurosym/feymr10.pfb>
Output written on ES_FlexiSMART_Amazon_Guide.pdf (16 pages, 2001414 bytes).
PDF statistics:
 8579 PDF objects out of 8907 (max. 8388607)
 8406 compressed objects within 85 object streams
 61 named destinations out of 1000 (max. 500000)
 328 words of extra memory for PDF output out of 10000 (max. 10000000)

